This file contains any messages produced by compilers while
running configure, to aid debugging if configure makes a mistake.

It was created by libffi configure 3.2.1, which was
generated by GNU Autoconf 2.69.  Invocation command line was

  $ .././configure --srcdir=.. --enable-builddir=x86_64-w64-mingw32

## --------- ##
## Platform. ##
## --------- ##

hostname = GUNDELSHEIM
uname -m = x86_64
uname -r = 3.0.7-338.x86_64
uname -s = MINGW64_NT-10.0-18362
uname -v = 2019-07-11 10:58 UTC

/usr/bin/uname -p = unknown
/bin/uname -X     = unknown

/bin/arch              = x86_64
/usr/bin/arch -k       = unknown
/usr/convex/getsysinfo = unknown
/usr/bin/hostinfo      = unknown
/bin/machine           = unknown
/usr/bin/oslevel       = unknown
/bin/universe          = unknown

PATH: /mingw64/bin
PATH: /usr/local/bin
PATH: /usr/bin
PATH: /bin
PATH: /c/Windows/System32
PATH: /c/Windows
PATH: /c/Windows/System32/Wbem
PATH: /c/Windows/System32/WindowsPowerShell/v1.0/
PATH: /usr/bin/site_perl
PATH: /usr/bin/vendor_perl
PATH: /usr/bin/core_perl
PATH: /c/Program Files/CMake/bin
PATH: /c/Users/Robert/AppData/Roaming/OCamlPro/OCPWin/4.01.0+ocp1-full-mingw64-20160113/bin


## ----------- ##
## Core tests. ##
## ----------- ##

configure:2613: loading site script /mingw64/etc/config.site
| # This file is in public domain.
| # Original author: Karlson2k (Evgeny Grin)
| # Written for MSys2/MinGW64 to help running 'configure' scripts
| 
| # Defaults for MinGW64-targeted programs
| 
| # Set proper selfname on bash and fallback to default name on other shells
| test -n "${BASH_SOURCE}" 2>/dev/null && config_site_me="${BASH_SOURCE[0]##*/}" || config_site_me=config.site
| 
| # Set default 'host' to speedup configure
| if test -z "$build_alias"; then
|   build_alias="${MSYSTEM_CHOST-x86_64-w64-mingw32}" && \
|     ${as_echo-echo} "$config_site_me:${as_lineno-$LINENO}: default build_alias set to $build_alias" >&5
| fi
| 
| # Set default 'prefix' to "/mingw64"
| if ( test -z "$prefix" || test "x$prefix" = "xNONE" ) && \
|    ( test -z "$exec_prefix" || test "x$exec_prefix" = "xNONE" ); then
|   prefix="${MSYSTEM_PREFIX-/mingw64}" && \
|     ${as_echo-echo} "$config_site_me:${as_lineno-$LINENO}: default prefix set to $prefix" >&5
| fi
config.site:13: default build_alias set to x86_64-w64-mingw32
config.site:20: default prefix set to /mingw64
configure:2745: checking build system type
configure:2759: result: x86_64-w64-mingw32
configure:2779: checking host system type
configure:2792: result: x86_64-w64-mingw32
configure:2812: checking target system type
configure:2825: result: x86_64-w64-mingw32
configure:2922: checking for gsed
configure:2953: result: sed
configure:2981: checking for a BSD-compatible install
configure:3049: result: /usr/bin/install -c
configure:3060: checking whether build environment is sane
configure:3115: result: yes
configure:3263: checking for a thread-safe mkdir -p
configure:3302: result: /usr/bin/mkdir -p
configure:3309: checking for gawk
configure:3325: found /usr/bin/gawk
configure:3336: result: gawk
configure:3347: checking whether make sets $(MAKE)
configure:3369: result: yes
configure:3398: checking whether make supports nested variables
configure:3415: result: yes
configure:3558: checking for gcc
configure:3574: found /mingw64/bin/gcc
configure:3585: result: gcc
configure:3814: checking for C compiler version
configure:3823: gcc --version >&5
gcc.exe (Rev2, Built by MSYS2 project) 9.2.0
Copyright (C) 2019 Free Software Foundation, Inc.
This is free software; see the source for copying conditions.  There is NO
warranty; not even for MERCHANTABILITY or FITNESS FOR A PARTICULAR PURPOSE.

configure:3834: $? = 0
configure:3823: gcc -v >&5
Using built-in specs.
COLLECT_GCC=C:\msys64\mingw64\bin\gcc.exe
COLLECT_LTO_WRAPPER=C:/msys64/mingw64/bin/../lib/gcc/x86_64-w64-mingw32/9.2.0/lto-wrapper.exe
Target: x86_64-w64-mingw32
Configured with: ../gcc-9.2.0/configure --prefix=/mingw64 --with-local-prefix=/mingw64/local --build=x86_64-w64-mingw32 --host=x86_64-w64-mingw32 --target=x86_64-w64-mingw32 --with-native-system-header-dir=/mingw64/x86_64-w64-mingw32/include --libexecdir=/mingw64/lib --enable-bootstrap --with-arch=x86-64 --with-tune=generic --enable-languages=c,lto,c++,fortran,ada,objc,obj-c++ --enable-shared --enable-static --enable-libatomic --enable-threads=posix --enable-graphite --enable-fully-dynamic-string --enable-libstdcxx-filesystem-ts=yes --enable-libstdcxx-time=yes --disable-libstdcxx-pch --disable-libstdcxx-debug --disable-isl-version-check --enable-lto --enable-libgomp --disable-multilib --enable-checking=release --disable-rpath --disable-win32-registry --disable-nls --disable-werror --disable-symvers --enable-plugin --with-libiconv --with-system-zlib --with-gmp=/mingw64 --with-mpfr=/mingw64 --with-mpc=/mingw64 --with-isl=/mingw64 --with-pkgversion='Rev2, Built by MSYS2 project' --with-bugurl=https://sourceforge.net/projects/msys2 --with-gnu-as --with-gnu-ld
Thread model: posix
gcc version 9.2.0 (Rev2, Built by MSYS2 project) 
configure:3834: $? = 0
configure:3823: gcc -V >&5
gcc.exe: error: unrecognized command line option '-V'
gcc.exe: fatal error: no input files
compilation terminated.
configure:3834: $? = 1
configure:3823: gcc -qversion >&5
gcc.exe: error: unrecognized command line option '-qversion'; did you mean '--version'?
gcc.exe: fatal error: no input files
compilation terminated.
configure:3834: $? = 1
configure:3854: checking whether the C compiler works
configure:3876: gcc    conftest.c  >&5
configure:3880: $? = 0
configure:3928: result: yes
configure:3931: checking for C compiler default output file name
configure:3933: result: a.exe
configure:3939: checking for suffix of executables
configure:3946: gcc -o conftest.exe    conftest.c  >&5
configure:3950: $? = 0
configure:3972: result: .exe
configure:3994: checking whether we are cross compiling
configure:4002: gcc -o conftest.exe    conftest.c  >&5
configure:4006: $? = 0
configure:4013: ./conftest.exe
configure:4017: $? = 0
configure:4032: result: no
configure:4037: checking for suffix of object files
configure:4059: gcc -c   conftest.c >&5
configure:4063: $? = 0
configure:4084: result: o
configure:4088: checking whether we are using the GNU C compiler
configure:4107: gcc -c   conftest.c >&5
configure:4107: $? = 0
configure:4116: result: yes
configure:4125: checking whether gcc accepts -g
configure:4145: gcc -c -g  conftest.c >&5
configure:4145: $? = 0
configure:4186: result: yes
configure:4203: checking for gcc option to accept ISO C89
configure:4266: gcc  -c -g -O2  conftest.c >&5
configure:4266: $? = 0
configure:4279: result: none needed
configure:4310: checking for style of include used by make
configure:4338: result: GNU
configure:4364: checking dependency style of gcc
configure:4475: result: gcc3
configure:4548: checking for g++
configure:4564: found /mingw64/bin/g++
configure:4575: result: g++
configure:4602: checking for C++ compiler version
configure:4611: g++ --version >&5
g++.exe (Rev2, Built by MSYS2 project) 9.2.0
Copyright (C) 2019 Free Software Foundation, Inc.
This is free software; see the source for copying conditions.  There is NO
warranty; not even for MERCHANTABILITY or FITNESS FOR A PARTICULAR PURPOSE.

configure:4622: $? = 0
configure:4611: g++ -v >&5
Using built-in specs.
COLLECT_GCC=C:\msys64\mingw64\bin\g++.exe
COLLECT_LTO_WRAPPER=C:/msys64/mingw64/bin/../lib/gcc/x86_64-w64-mingw32/9.2.0/lto-wrapper.exe
Target: x86_64-w64-mingw32
Configured with: ../gcc-9.2.0/configure --prefix=/mingw64 --with-local-prefix=/mingw64/local --build=x86_64-w64-mingw32 --host=x86_64-w64-mingw32 --target=x86_64-w64-mingw32 --with-native-system-header-dir=/mingw64/x86_64-w64-mingw32/include --libexecdir=/mingw64/lib --enable-bootstrap --with-arch=x86-64 --with-tune=generic --enable-languages=c,lto,c++,fortran,ada,objc,obj-c++ --enable-shared --enable-static --enable-libatomic --enable-threads=posix --enable-graphite --enable-fully-dynamic-string --enable-libstdcxx-filesystem-ts=yes --enable-libstdcxx-time=yes --disable-libstdcxx-pch --disable-libstdcxx-debug --disable-isl-version-check --enable-lto --enable-libgomp --disable-multilib --enable-checking=release --disable-rpath --disable-win32-registry --disable-nls --disable-werror --disable-symvers --enable-plugin --with-libiconv --with-system-zlib --with-gmp=/mingw64 --with-mpfr=/mingw64 --with-mpc=/mingw64 --with-isl=/mingw64 --with-pkgversion='Rev2, Built by MSYS2 project' --with-bugurl=https://sourceforge.net/projects/msys2 --with-gnu-as --with-gnu-ld
Thread model: posix
gcc version 9.2.0 (Rev2, Built by MSYS2 project) 
configure:4622: $? = 0
configure:4611: g++ -V >&5
g++.exe: error: unrecognized command line option '-V'
g++.exe: fatal error: no input files
compilation terminated.
configure:4622: $? = 1
configure:4611: g++ -qversion >&5
g++.exe: error: unrecognized command line option '-qversion'; did you mean '--version'?
g++.exe: fatal error: no input files
compilation terminated.
configure:4622: $? = 1
configure:4626: checking whether we are using the GNU C++ compiler
configure:4645: g++ -c   conftest.cpp >&5
configure:4645: $? = 0
configure:4654: result: yes
configure:4663: checking whether g++ accepts -g
configure:4683: g++ -c -g  conftest.cpp >&5
configure:4683: $? = 0
configure:4724: result: yes
configure:4749: checking dependency style of g++
configure:4860: result: gcc3
configure:4890: checking dependency style of gcc
configure:4999: result: gcc3
configure:5015: checking whether gcc and cc understand -c and -o together
configure:5046: gcc -c conftest.c -o conftest2.o >&5
configure:5050: $? = 0
configure:5056: gcc -c conftest.c -o conftest2.o >&5
configure:5060: $? = 0
configure:5071: cc -c conftest.c >&5
configure:5075: $? = 0
configure:5083: cc -c conftest.c -o conftest2.o >&5
configure:5087: $? = 0
configure:5093: cc -c conftest.c -o conftest2.o >&5
configure:5097: $? = 0
configure:5115: result: yes
configure:5186: checking how to print strings
configure:5213: result: printf
configure:5234: checking for a sed that does not truncate output
configure:5298: result: /usr/bin/sed
configure:5316: checking for grep that handles long lines and -e
configure:5374: result: /usr/bin/grep
configure:5379: checking for egrep
configure:5441: result: /usr/bin/grep -E
configure:5446: checking for fgrep
configure:5508: result: /usr/bin/grep -F
configure:5543: checking for ld used by gcc
configure:5610: result: C:/msys64/mingw64/x86_64-w64-mingw32/bin/ld.exe
configure:5617: checking if the linker (C:/msys64/mingw64/x86_64-w64-mingw32/bin/ld.exe) is GNU ld
configure:5632: result: yes
configure:5644: checking for BSD- or MS-compatible name lister (nm)
configure:5693: result: /mingw64/bin/nm -B
configure:5823: checking the name lister (/mingw64/bin/nm -B) interface
configure:5830: gcc -c   conftest.c >&5
configure:5833: /mingw64/bin/nm -B "conftest.o"
configure:5836: output
0000000000000000 b .bss
0000000000000000 d .data
0000000000000000 r .rdata$zzz
0000000000000000 t .text
0000000000000000 B some_variable
configure:5843: result: BSD nm
configure:5846: checking whether ln -s works
configure:5853: result: no, using cp -pR
configure:5858: checking the maximum length of command line arguments
configure:5988: result: 8192
configure:6005: checking whether the shell understands some XSI constructs
configure:6015: result: yes
configure:6019: checking whether the shell understands "+="
configure:6025: result: yes
configure:6060: checking how to convert x86_64-w64-mingw32 file names to x86_64-w64-mingw32 format
configure:6100: result: func_convert_file_msys_to_w32
configure:6107: checking how to convert x86_64-w64-mingw32 file names to toolchain format
configure:6127: result: func_convert_file_msys_to_w32
configure:6134: checking for C:/msys64/mingw64/x86_64-w64-mingw32/bin/ld.exe option to reload object files
configure:6141: result: -r
configure:6215: checking for objdump
configure:6231: found /mingw64/bin/objdump
configure:6242: result: objdump
configure:6274: checking how to recognize dependent libraries
configure:6476: result: file_magic ^x86 archive import|^x86 DLL
configure:6561: checking for dlltool
configure:6577: found /mingw64/bin/dlltool
configure:6588: result: dlltool
configure:6621: checking how to associate runtime and link libraries
configure:6648: result: func_cygming_dll_for_implib
configure:6709: checking for ar
configure:6725: found /mingw64/bin/ar
configure:6736: result: ar
configure:6773: checking for archiver @FILE support
configure:6790: gcc -c   conftest.c >&5
configure:6790: $? = 0
configure:6793: ar cru libconftest.a @conftest.lst >&5
configure:6796: $? = 0
configure:6801: ar cru libconftest.a @conftest.lst >&5
C:\msys64\mingw64\bin\ar.exe: conftest.o: No such file or directory
configure:6804: $? = 1
configure:6816: result: @
configure:6874: checking for strip
configure:6890: found /mingw64/bin/strip
configure:6901: result: strip
configure:6973: checking for ranlib
configure:6989: found /mingw64/bin/ranlib
configure:7000: result: ranlib
configure:7102: checking command to parse /mingw64/bin/nm -B output from gcc object
configure:7222: gcc -c   conftest.c >&5
configure:7225: $? = 0
configure:7229: /mingw64/bin/nm -B conftest.o \| sed -n -e 's/^.*[ ]\([ABCDGIRSTW][ABCDGIRSTW]*\)[ ][ ]*\([_A-Za-z][_A-Za-z0-9]*\)\{0,1\}$/\1 \2 \2/p' | sed '/ __gnu_lto/d' \> conftest.nm
configure:7232: $? = 0
configure:7298: gcc -o conftest.exe    conftest.c conftstm.o >&5
configure:7301: $? = 0
configure:7339: result: ok
configure:7376: checking for sysroot
configure:7406: result: no
configure:7662: checking for mt
configure:7692: result: no
configure:7712: checking if : is a manifest tool
configure:7718: : '-?'
configure:7726: result: no
configure:8368: checking how to run the C preprocessor
configure:8399: gcc -E  conftest.c
configure:8399: $? = 0
configure:8413: gcc -E  conftest.c
conftest.c:11:10: fatal error: ac_nonexistent.h: No such file or directory
   11 | #include <ac_nonexistent.h>
      |          ^~~~~~~~~~~~~~~~~~
compilation terminated.
configure:8413: $? = 1
configure: failed program was:
| /* confdefs.h */
| #define PACKAGE_NAME "libffi"
| #define PACKAGE_TARNAME "libffi"
| #define PACKAGE_VERSION "3.2.1"
| #define PACKAGE_STRING "libffi 3.2.1"
| #define PACKAGE_BUGREPORT "http://github.com/atgreen/libffi/issues"
| #define PACKAGE_URL ""
| #define PACKAGE "libffi"
| #define VERSION "3.2.1"
| /* end confdefs.h.  */
| #include <ac_nonexistent.h>
configure:8438: result: gcc -E
configure:8458: gcc -E  conftest.c
configure:8458: $? = 0
configure:8472: gcc -E  conftest.c
conftest.c:11:10: fatal error: ac_nonexistent.h: No such file or directory
   11 | #include <ac_nonexistent.h>
      |          ^~~~~~~~~~~~~~~~~~
compilation terminated.
configure:8472: $? = 1
configure: failed program was:
| /* confdefs.h */
| #define PACKAGE_NAME "libffi"
| #define PACKAGE_TARNAME "libffi"
| #define PACKAGE_VERSION "3.2.1"
| #define PACKAGE_STRING "libffi 3.2.1"
| #define PACKAGE_BUGREPORT "http://github.com/atgreen/libffi/issues"
| #define PACKAGE_URL ""
| #define PACKAGE "libffi"
| #define VERSION "3.2.1"
| /* end confdefs.h.  */
| #include <ac_nonexistent.h>
configure:8501: checking for ANSI C header files
configure:8521: gcc -c   conftest.c >&5
configure:8521: $? = 0
configure:8594: gcc -o conftest.exe    conftest.c  >&5
configure:8594: $? = 0
configure:8594: ./conftest.exe
configure:8594: $? = 0
configure:8605: result: yes
configure:8618: checking for sys/types.h
configure:8618: gcc -c   conftest.c >&5
configure:8618: $? = 0
configure:8618: result: yes
configure:8618: checking for sys/stat.h
configure:8618: gcc -c   conftest.c >&5
configure:8618: $? = 0
configure:8618: result: yes
configure:8618: checking for stdlib.h
configure:8618: gcc -c   conftest.c >&5
configure:8618: $? = 0
configure:8618: result: yes
configure:8618: checking for string.h
configure:8618: gcc -c   conftest.c >&5
configure:8618: $? = 0
configure:8618: result: yes
configure:8618: checking for memory.h
configure:8618: gcc -c   conftest.c >&5
configure:8618: $? = 0
configure:8618: result: yes
configure:8618: checking for strings.h
configure:8618: gcc -c   conftest.c >&5
configure:8618: $? = 0
configure:8618: result: yes
configure:8618: checking for inttypes.h
configure:8618: gcc -c   conftest.c >&5
configure:8618: $? = 0
configure:8618: result: yes
configure:8618: checking for stdint.h
configure:8618: gcc -c   conftest.c >&5
configure:8618: $? = 0
configure:8618: result: yes
configure:8618: checking for unistd.h
configure:8618: gcc -c   conftest.c >&5
configure:8618: $? = 0
configure:8618: result: yes
configure:8632: checking for dlfcn.h
configure:8632: gcc -c   conftest.c >&5
conftest.c:55:10: fatal error: dlfcn.h: No such file or directory
   55 | #include <dlfcn.h>
      |          ^~~~~~~~~
compilation terminated.
configure:8632: $? = 1
configure: failed program was:
| /* confdefs.h */
| #define PACKAGE_NAME "libffi"
| #define PACKAGE_TARNAME "libffi"
| #define PACKAGE_VERSION "3.2.1"
| #define PACKAGE_STRING "libffi 3.2.1"
| #define PACKAGE_BUGREPORT "http://github.com/atgreen/libffi/issues"
| #define PACKAGE_URL ""
| #define PACKAGE "libffi"
| #define VERSION "3.2.1"
| #define STDC_HEADERS 1
| #define HAVE_SYS_TYPES_H 1
| #define HAVE_SYS_STAT_H 1
| #define HAVE_STDLIB_H 1
| #define HAVE_STRING_H 1
| #define HAVE_MEMORY_H 1
| #define HAVE_STRINGS_H 1
| #define HAVE_INTTYPES_H 1
| #define HAVE_STDINT_H 1
| #define HAVE_UNISTD_H 1
| /* end confdefs.h.  */
| #include <stdio.h>
| #ifdef HAVE_SYS_TYPES_H
| # include <sys/types.h>
| #endif
| #ifdef HAVE_SYS_STAT_H
| # include <sys/stat.h>
| #endif
| #ifdef STDC_HEADERS
| # include <stdlib.h>
| # include <stddef.h>
| #else
| # ifdef HAVE_STDLIB_H
| #  include <stdlib.h>
| # endif
| #endif
| #ifdef HAVE_STRING_H
| # if !defined STDC_HEADERS && defined HAVE_MEMORY_H
| #  include <memory.h>
| # endif
| # include <string.h>
| #endif
| #ifdef HAVE_STRINGS_H
| # include <strings.h>
| #endif
| #ifdef HAVE_INTTYPES_H
| # include <inttypes.h>
| #endif
| #ifdef HAVE_STDINT_H
| # include <stdint.h>
| #endif
| #ifdef HAVE_UNISTD_H
| # include <unistd.h>
| #endif
| 
| #include <dlfcn.h>
configure:8632: result: no
configure:8849: checking for objdir
configure:8864: result: .libs
configure:9135: checking if gcc supports -fno-rtti -fno-exceptions
configure:9153: gcc -c   -fno-rtti -fno-exceptions conftest.c >&5
cc1.exe: warning: command line option '-fno-rtti' is valid for C++/D/ObjC++ but not for C
configure:9157: $? = 0
configure:9170: result: no
configure:9497: checking for gcc option to produce PIC
configure:9504: result: -DDLL_EXPORT -DPIC
configure:9512: checking if gcc PIC flag -DDLL_EXPORT -DPIC works
configure:9530: gcc -c   -DDLL_EXPORT -DPIC -DPIC conftest.c >&5
configure:9534: $? = 0
configure:9547: result: yes
configure:9576: checking if gcc static flag -static works
configure:9604: result: yes
configure:9619: checking if gcc supports -c -o file.o
configure:9640: gcc -c   -o out/conftest2.o conftest.c >&5
configure:9644: $? = 0
configure:9666: result: yes
configure:9674: checking if gcc supports -c -o file.o
configure:9721: result: yes
configure:9754: checking whether the gcc linker (C:/msys64/mingw64/x86_64-w64-mingw32/bin/ld.exe) supports shared libraries
configure:10907: result: yes
configure:10944: checking whether -lc should be explicitly linked in
configure:10952: gcc -c   conftest.c >&5
configure:10955: $? = 0
configure:10970: gcc -shared conftest.o  -v -o ./conftest -Wl,--enable-auto-image-base -Xlinker --out-implib -Xlinker conftest 2\>\&1 \| /usr/bin/grep  -lc  \>/dev/null 2\>\&1
configure:10973: $? = 1
configure:10987: result: yes
configure:11147: checking dynamic linker characteristics
configure:11884: result: Win32 ld.exe
configure:11991: checking how to hardcode library paths into programs
configure:12016: result: immediate
configure:12556: checking whether stripping libraries is possible
configure:12561: result: yes
configure:12596: checking if libtool supports shared libraries
configure:12598: result: yes
configure:12601: checking whether to build shared libraries
configure:12622: result: yes
configure:12625: checking whether to build static libraries
configure:12629: result: yes
configure:12652: checking how to run the C++ preprocessor
configure:12679: g++ -E  conftest.cpp
configure:12679: $? = 0
configure:12693: g++ -E  conftest.cpp
conftest.cpp:22:10: fatal error: ac_nonexistent.h: No such file or directory
   22 | #include <ac_nonexistent.h>
      |          ^~~~~~~~~~~~~~~~~~
compilation terminated.
configure:12693: $? = 1
configure: failed program was:
| /* confdefs.h */
| #define PACKAGE_NAME "libffi"
| #define PACKAGE_TARNAME "libffi"
| #define PACKAGE_VERSION "3.2.1"
| #define PACKAGE_STRING "libffi 3.2.1"
| #define PACKAGE_BUGREPORT "http://github.com/atgreen/libffi/issues"
| #define PACKAGE_URL ""
| #define PACKAGE "libffi"
| #define VERSION "3.2.1"
| #define STDC_HEADERS 1
| #define HAVE_SYS_TYPES_H 1
| #define HAVE_SYS_STAT_H 1
| #define HAVE_STDLIB_H 1
| #define HAVE_STRING_H 1
| #define HAVE_MEMORY_H 1
| #define HAVE_STRINGS_H 1
| #define HAVE_INTTYPES_H 1
| #define HAVE_STDINT_H 1
| #define HAVE_UNISTD_H 1
| #define LT_OBJDIR ".libs/"
| /* end confdefs.h.  */
| #include <ac_nonexistent.h>
configure:12718: result: g++ -E
configure:12738: g++ -E  conftest.cpp
configure:12738: $? = 0
configure:12752: g++ -E  conftest.cpp
conftest.cpp:22:10: fatal error: ac_nonexistent.h: No such file or directory
   22 | #include <ac_nonexistent.h>
      |          ^~~~~~~~~~~~~~~~~~
compilation terminated.
configure:12752: $? = 1
configure: failed program was:
| /* confdefs.h */
| #define PACKAGE_NAME "libffi"
| #define PACKAGE_TARNAME "libffi"
| #define PACKAGE_VERSION "3.2.1"
| #define PACKAGE_STRING "libffi 3.2.1"
| #define PACKAGE_BUGREPORT "http://github.com/atgreen/libffi/issues"
| #define PACKAGE_URL ""
| #define PACKAGE "libffi"
| #define VERSION "3.2.1"
| #define STDC_HEADERS 1
| #define HAVE_SYS_TYPES_H 1
| #define HAVE_SYS_STAT_H 1
| #define HAVE_STDLIB_H 1
| #define HAVE_STRING_H 1
| #define HAVE_MEMORY_H 1
| #define HAVE_STRINGS_H 1
| #define HAVE_INTTYPES_H 1
| #define HAVE_STDINT_H 1
| #define HAVE_UNISTD_H 1
| #define LT_OBJDIR ".libs/"
| /* end confdefs.h.  */
| #include <ac_nonexistent.h>
configure:12921: checking for ld used by g++
configure:12988: result: C:/msys64/mingw64/x86_64-w64-mingw32/bin/ld.exe
configure:12995: checking if the linker (C:/msys64/mingw64/x86_64-w64-mingw32/bin/ld.exe) is GNU ld
configure:13010: result: yes
configure:13065: checking whether the g++ linker (C:/msys64/mingw64/x86_64-w64-mingw32/bin/ld.exe) supports shared libraries
configure:14070: result: yes
configure:14106: g++ -c -g -O2  conftest.cpp >&5
configure:14109: $? = 0
configure:14629: checking for g++ option to produce PIC
configure:14636: result: -DDLL_EXPORT -DPIC
configure:14644: checking if g++ PIC flag -DDLL_EXPORT -DPIC works
configure:14662: g++ -c -g -O2  -DDLL_EXPORT -DPIC -DPIC conftest.cpp >&5
configure:14666: $? = 0
configure:14679: result: yes
configure:14702: checking if g++ static flag -static works
configure:14730: result: yes
configure:14742: checking if g++ supports -c -o file.o
configure:14763: g++ -c -g -O2  -o out/conftest2.o conftest.cpp >&5
configure:14767: $? = 0
configure:14789: result: yes
configure:14794: checking if g++ supports -c -o file.o
configure:14841: result: yes
configure:14871: checking whether the g++ linker (C:/msys64/mingw64/x86_64-w64-mingw32/bin/ld.exe) supports shared libraries
configure:14907: result: yes
configure:15048: checking dynamic linker characteristics
configure:15719: result: Win32 ld.exe
configure:15772: checking how to hardcode library paths into programs
configure:15797: result: immediate
configure:15865: checking size of size_t
configure:15870: gcc -o conftest.exe    conftest.c  >&5
configure:15870: $? = 0
configure:15870: ./conftest.exe
configure:15870: $? = 0
configure:15884: result: 8
configure:15895: checking for C compiler vendor
configure:15940: gcc -c   conftest.c >&5
conftest.c: In function 'main':
conftest.c:29:9: error: 'thisisanerror' undeclared (first use in this function)
   29 |         thisisanerror;
      |         ^~~~~~~~~~~~~
conftest.c:29:9: note: each undeclared identifier is reported only once for each function it appears in
configure:15940: $? = 1
configure: failed program was:
| /* confdefs.h */
| #define PACKAGE_NAME "libffi"
| #define PACKAGE_TARNAME "libffi"
| #define PACKAGE_VERSION "3.2.1"
| #define PACKAGE_STRING "libffi 3.2.1"
| #define PACKAGE_BUGREPORT "http://github.com/atgreen/libffi/issues"
| #define PACKAGE_URL ""
| #define PACKAGE "libffi"
| #define VERSION "3.2.1"
| #define STDC_HEADERS 1
| #define HAVE_SYS_TYPES_H 1
| #define HAVE_SYS_STAT_H 1
| #define HAVE_STDLIB_H 1
| #define HAVE_STRING_H 1
| #define HAVE_MEMORY_H 1
| #define HAVE_STRINGS_H 1
| #define HAVE_INTTYPES_H 1
| #define HAVE_STDINT_H 1
| #define HAVE_UNISTD_H 1
| #define LT_OBJDIR ".libs/"
| #define SIZEOF_SIZE_T 8
| /* end confdefs.h.  */
| 
| int
| main ()
| {
| 
|       #if !(defined(__ICC) || defined(__ECC) || defined(__INTEL_COMPILER))
|         thisisanerror;
|       #endif
| 
|   ;
|   return 0;
| }
configure:15940: gcc -c   conftest.c >&5
conftest.c: In function 'main':
conftest.c:29:9: error: 'thisisanerror' undeclared (first use in this function)
   29 |         thisisanerror;
      |         ^~~~~~~~~~~~~
conftest.c:29:9: note: each undeclared identifier is reported only once for each function it appears in
configure:15940: $? = 1
configure: failed program was:
| /* confdefs.h */
| #define PACKAGE_NAME "libffi"
| #define PACKAGE_TARNAME "libffi"
| #define PACKAGE_VERSION "3.2.1"
| #define PACKAGE_STRING "libffi 3.2.1"
| #define PACKAGE_BUGREPORT "http://github.com/atgreen/libffi/issues"
| #define PACKAGE_URL ""
| #define PACKAGE "libffi"
| #define VERSION "3.2.1"
| #define STDC_HEADERS 1
| #define HAVE_SYS_TYPES_H 1
| #define HAVE_SYS_STAT_H 1
| #define HAVE_STDLIB_H 1
| #define HAVE_STRING_H 1
| #define HAVE_MEMORY_H 1
| #define HAVE_STRINGS_H 1
| #define HAVE_INTTYPES_H 1
| #define HAVE_STDINT_H 1
| #define HAVE_UNISTD_H 1
| #define LT_OBJDIR ".libs/"
| #define SIZEOF_SIZE_T 8
| /* end confdefs.h.  */
| 
| int
| main ()
| {
| 
|       #if !(defined(__xlc__) || defined(__xlC__) || defined(__IBMC__) || defined(__IBMCPP__))
|         thisisanerror;
|       #endif
| 
|   ;
|   return 0;
| }
configure:15940: gcc -c   conftest.c >&5
conftest.c: In function 'main':
conftest.c:29:9: error: 'thisisanerror' undeclared (first use in this function)
   29 |         thisisanerror;
      |         ^~~~~~~~~~~~~
conftest.c:29:9: note: each undeclared identifier is reported only once for each function it appears in
configure:15940: $? = 1
configure: failed program was:
| /* confdefs.h */
| #define PACKAGE_NAME "libffi"
| #define PACKAGE_TARNAME "libffi"
| #define PACKAGE_VERSION "3.2.1"
| #define PACKAGE_STRING "libffi 3.2.1"
| #define PACKAGE_BUGREPORT "http://github.com/atgreen/libffi/issues"
| #define PACKAGE_URL ""
| #define PACKAGE "libffi"
| #define VERSION "3.2.1"
| #define STDC_HEADERS 1
| #define HAVE_SYS_TYPES_H 1
| #define HAVE_SYS_STAT_H 1
| #define HAVE_STDLIB_H 1
| #define HAVE_STRING_H 1
| #define HAVE_MEMORY_H 1
| #define HAVE_STRINGS_H 1
| #define HAVE_INTTYPES_H 1
| #define HAVE_STDINT_H 1
| #define HAVE_UNISTD_H 1
| #define LT_OBJDIR ".libs/"
| #define SIZEOF_SIZE_T 8
| /* end confdefs.h.  */
| 
| int
| main ()
| {
| 
|       #if !(defined(__PATHCC__) || defined(__PATHSCALE__))
|         thisisanerror;
|       #endif
| 
|   ;
|   return 0;
| }
configure:15940: gcc -c   conftest.c >&5
conftest.c: In function 'main':
conftest.c:29:9: error: 'thisisanerror' undeclared (first use in this function)
   29 |         thisisanerror;
      |         ^~~~~~~~~~~~~
conftest.c:29:9: note: each undeclared identifier is reported only once for each function it appears in
configure:15940: $? = 1
configure: failed program was:
| /* confdefs.h */
| #define PACKAGE_NAME "libffi"
| #define PACKAGE_TARNAME "libffi"
| #define PACKAGE_VERSION "3.2.1"
| #define PACKAGE_STRING "libffi 3.2.1"
| #define PACKAGE_BUGREPORT "http://github.com/atgreen/libffi/issues"
| #define PACKAGE_URL ""
| #define PACKAGE "libffi"
| #define VERSION "3.2.1"
| #define STDC_HEADERS 1
| #define HAVE_SYS_TYPES_H 1
| #define HAVE_SYS_STAT_H 1
| #define HAVE_STDLIB_H 1
| #define HAVE_STRING_H 1
| #define HAVE_MEMORY_H 1
| #define HAVE_STRINGS_H 1
| #define HAVE_INTTYPES_H 1
| #define HAVE_STDINT_H 1
| #define HAVE_UNISTD_H 1
| #define LT_OBJDIR ".libs/"
| #define SIZEOF_SIZE_T 8
| /* end confdefs.h.  */
| 
| int
| main ()
| {
| 
|       #if !(defined(__clang__))
|         thisisanerror;
|       #endif
| 
|   ;
|   return 0;
| }
configure:15940: gcc -c   conftest.c >&5
configure:15940: $? = 0
configure:15948: result: gnu
configure:16223: checking whether C compiler accepts -fstrict-aliasing
configure:16242: gcc -c -O3 -fomit-frame-pointer  -fstrict-aliasing  conftest.c >&5
configure:16242: $? = 0
configure:16250: result: yes
configure:16260: checking whether C compiler accepts -ffast-math
configure:16279: gcc -c -O3 -fomit-frame-pointer -fstrict-aliasing  -ffast-math  conftest.c >&5
configure:16279: $? = 0
configure:16287: result: yes
configure:16308: checking for gcc architecture flag
configure:16310: result: 
configure:16332: checking for x86 cpuid 0 output
configure:16361: gcc -o conftest.exe -O3 -fomit-frame-pointer -fstrict-aliasing -ffast-math   conftest.c  >&5
configure:16361: $? = 0
configure:16361: ./conftest.exe
configure:16361: $? = 0
configure:16371: result: d:756e6547:6c65746e:49656e69
configure:16387: checking for x86 cpuid 1 output
configure:16416: gcc -o conftest.exe -O3 -fomit-frame-pointer -fstrict-aliasing -ffast-math   conftest.c  >&5
configure:16416: $? = 0
configure:16416: ./conftest.exe
configure:16416: $? = 0
configure:16426: result: 206a7:100800:1fbae3ff:bfebfbff
configure:16650: checking whether C compiler accepts -march=corei7-avx
configure:16669: gcc -c -O3 -fomit-frame-pointer -fstrict-aliasing -ffast-math  -march=corei7-avx  conftest.c >&5
configure:16669: $? = 0
configure:16678: result: yes
configure:16695: checking for gcc architecture flag
configure:16697: result: -march=corei7-avx
configure:16720: checking whether C compiler accepts -O3 -fomit-frame-pointer -fstrict-aliasing -ffast-math -march=corei7-avx
configure:16739: gcc -c -O3 -fomit-frame-pointer -fstrict-aliasing -ffast-math -march=corei7-avx  -O3 -fomit-frame-pointer -fstrict-aliasing -ffast-math -march=corei7-avx  conftest.c >&5
configure:16739: $? = 0
configure:16748: result: yes
configure:16781: : CFLAGS="$CFLAGS "
configure:16784: $? = 0
configure:16799: checking CFLAGS for maximum warnings
configure:16819: gcc -c -O3 -fomit-frame-pointer -fstrict-aliasing -ffast-math -march=corei7-avx  -warn all  -warn all  conftest.c >&5
gcc.exe: error: all: No such file or directory
gcc.exe: error: all: No such file or directory
gcc.exe: error: unrecognized command line option '-warn'; did you mean '--warn-'?
gcc.exe: error: unrecognized command line option '-warn'; did you mean '--warn-'?
configure:16819: $? = 1
configure: failed program was:
| /* confdefs.h */
| #define PACKAGE_NAME "libffi"
| #define PACKAGE_TARNAME "libffi"
| #define PACKAGE_VERSION "3.2.1"
| #define PACKAGE_STRING "libffi 3.2.1"
| #define PACKAGE_BUGREPORT "http://github.com/atgreen/libffi/issues"
| #define PACKAGE_URL ""
| #define PACKAGE "libffi"
| #define VERSION "3.2.1"
| #define STDC_HEADERS 1
| #define HAVE_SYS_TYPES_H 1
| #define HAVE_SYS_STAT_H 1
| #define HAVE_STDLIB_H 1
| #define HAVE_STRING_H 1
| #define HAVE_MEMORY_H 1
| #define HAVE_STRINGS_H 1
| #define HAVE_INTTYPES_H 1
| #define HAVE_STDINT_H 1
| #define HAVE_UNISTD_H 1
| #define LT_OBJDIR ".libs/"
| #define SIZEOF_SIZE_T 8
| /* end confdefs.h.  */
| 
| int
| main ()
| {
| 
|   ;
|   return 0;
| }
configure:16819: gcc -c -O3 -fomit-frame-pointer -fstrict-aliasing -ffast-math -march=corei7-avx  -pedantic  -Wall  conftest.c >&5
configure:16819: $? = 0
configure:16827: result: -Wall
configure:16843: : CFLAGS="$CFLAGS $ac_cv_cflags_warn_all"
configure:16846: $? = 0
configure:16876: checking whether to enable maintainer-specific portions of Makefiles
configure:16885: result: no
configure:16901: checking sys/mman.h usability
configure:16901: gcc -c -O3 -fomit-frame-pointer -fstrict-aliasing -ffast-math -march=corei7-avx  -Wall -fexceptions  conftest.c >&5
conftest.c:56:10: fatal error: sys/mman.h: No such file or directory
   56 | #include <sys/mman.h>
      |          ^~~~~~~~~~~~
compilation terminated.
configure:16901: $? = 1
configure: failed program was:
| /* confdefs.h */
| #define PACKAGE_NAME "libffi"
| #define PACKAGE_TARNAME "libffi"
| #define PACKAGE_VERSION "3.2.1"
| #define PACKAGE_STRING "libffi 3.2.1"
| #define PACKAGE_BUGREPORT "http://github.com/atgreen/libffi/issues"
| #define PACKAGE_URL ""
| #define PACKAGE "libffi"
| #define VERSION "3.2.1"
| #define STDC_HEADERS 1
| #define HAVE_SYS_TYPES_H 1
| #define HAVE_SYS_STAT_H 1
| #define HAVE_STDLIB_H 1
| #define HAVE_STRING_H 1
| #define HAVE_MEMORY_H 1
| #define HAVE_STRINGS_H 1
| #define HAVE_INTTYPES_H 1
| #define HAVE_STDINT_H 1
| #define HAVE_UNISTD_H 1
| #define LT_OBJDIR ".libs/"
| #define SIZEOF_SIZE_T 8
| /* end confdefs.h.  */
| #include <stdio.h>
| #ifdef HAVE_SYS_TYPES_H
| # include <sys/types.h>
| #endif
| #ifdef HAVE_SYS_STAT_H
| # include <sys/stat.h>
| #endif
| #ifdef STDC_HEADERS
| # include <stdlib.h>
| # include <stddef.h>
| #else
| # ifdef HAVE_STDLIB_H
| #  include <stdlib.h>
| # endif
| #endif
| #ifdef HAVE_STRING_H
| # if !defined STDC_HEADERS && defined HAVE_MEMORY_H
| #  include <memory.h>
| # endif
| # include <string.h>
| #endif
| #ifdef HAVE_STRINGS_H
| # include <strings.h>
| #endif
| #ifdef HAVE_INTTYPES_H
| # include <inttypes.h>
| #endif
| #ifdef HAVE_STDINT_H
| # include <stdint.h>
| #endif
| #ifdef HAVE_UNISTD_H
| # include <unistd.h>
| #endif
| #include <sys/mman.h>
configure:16901: result: no
configure:16901: checking sys/mman.h presence
configure:16901: gcc -E  conftest.c
conftest.c:23:10: fatal error: sys/mman.h: No such file or directory
   23 | #include <sys/mman.h>
      |          ^~~~~~~~~~~~
compilation terminated.
configure:16901: $? = 1
configure: failed program was:
| /* confdefs.h */
| #define PACKAGE_NAME "libffi"
| #define PACKAGE_TARNAME "libffi"
| #define PACKAGE_VERSION "3.2.1"
| #define PACKAGE_STRING "libffi 3.2.1"
| #define PACKAGE_BUGREPORT "http://github.com/atgreen/libffi/issues"
| #define PACKAGE_URL ""
| #define PACKAGE "libffi"
| #define VERSION "3.2.1"
| #define STDC_HEADERS 1
| #define HAVE_SYS_TYPES_H 1
| #define HAVE_SYS_STAT_H 1
| #define HAVE_STDLIB_H 1
| #define HAVE_STRING_H 1
| #define HAVE_MEMORY_H 1
| #define HAVE_STRINGS_H 1
| #define HAVE_INTTYPES_H 1
| #define HAVE_STDINT_H 1
| #define HAVE_UNISTD_H 1
| #define LT_OBJDIR ".libs/"
| #define SIZEOF_SIZE_T 8
| /* end confdefs.h.  */
| #include <sys/mman.h>
configure:16901: result: no
configure:16901: checking for sys/mman.h
configure:16901: result: no
configure:16914: checking for mmap
configure:16914: gcc -o conftest.exe -O3 -fomit-frame-pointer -fstrict-aliasing -ffast-math -march=corei7-avx  -Wall -fexceptions   conftest.c  >&5
C:/msys64/mingw64/bin/../lib/gcc/x86_64-w64-mingw32/9.2.0/../../../../x86_64-w64-mingw32/bin/ld.exe: C:\msys64\tmp\ccaFnnPU.o:conftest.c:(.text.startup+0xa): undefined reference to `mmap'
collect2.exe: error: ld returned 1 exit status
configure:16914: $? = 1
configure: failed program was:
| /* confdefs.h */
| #define PACKAGE_NAME "libffi"
| #define PACKAGE_TARNAME "libffi"
| #define PACKAGE_VERSION "3.2.1"
| #define PACKAGE_STRING "libffi 3.2.1"
| #define PACKAGE_BUGREPORT "http://github.com/atgreen/libffi/issues"
| #define PACKAGE_URL ""
| #define PACKAGE "libffi"
| #define VERSION "3.2.1"
| #define STDC_HEADERS 1
| #define HAVE_SYS_TYPES_H 1
| #define HAVE_SYS_STAT_H 1
| #define HAVE_STDLIB_H 1
| #define HAVE_STRING_H 1
| #define HAVE_MEMORY_H 1
| #define HAVE_STRINGS_H 1
| #define HAVE_INTTYPES_H 1
| #define HAVE_STDINT_H 1
| #define HAVE_UNISTD_H 1
| #define LT_OBJDIR ".libs/"
| #define SIZEOF_SIZE_T 8
| /* end confdefs.h.  */
| /* Define mmap to an innocuous variant, in case <limits.h> declares mmap.
|    For example, HP-UX 11i <limits.h> declares gettimeofday.  */
| #define mmap innocuous_mmap
| 
| /* System header to define __stub macros and hopefully few prototypes,
|     which can conflict with char mmap (); below.
|     Prefer <limits.h> to <assert.h> if __STDC__ is defined, since
|     <limits.h> exists even on freestanding compilers.  */
| 
| #ifdef __STDC__
| # include <limits.h>
| #else
| # include <assert.h>
| #endif
| 
| #undef mmap
| 
| /* Override any GCC internal prototype to avoid an error.
|    Use char because int might match the return type of a GCC
|    builtin and then its argument prototype would still apply.  */
| #ifdef __cplusplus
| extern "C"
| #endif
| char mmap ();
| /* The GNU C library defines this for functions which it implements
|     to always fail with ENOSYS.  Some functions are actually named
|     something starting with __ and the normal name is an alias.  */
| #if defined __stub_mmap || defined __stub___mmap
| choke me
| #endif
| 
| int
| main ()
| {
| return mmap ();
|   ;
|   return 0;
| }
configure:16914: result: no
configure:16914: checking for mkostemp
configure:16914: gcc -o conftest.exe -O3 -fomit-frame-pointer -fstrict-aliasing -ffast-math -march=corei7-avx  -Wall -fexceptions   conftest.c  >&5
C:/msys64/mingw64/bin/../lib/gcc/x86_64-w64-mingw32/9.2.0/../../../../x86_64-w64-mingw32/bin/ld.exe: C:\msys64\tmp\ccofFXBy.o:conftest.c:(.text.startup+0xa): undefined reference to `mkostemp'
collect2.exe: error: ld returned 1 exit status
configure:16914: $? = 1
configure: failed program was:
| /* confdefs.h */
| #define PACKAGE_NAME "libffi"
| #define PACKAGE_TARNAME "libffi"
| #define PACKAGE_VERSION "3.2.1"
| #define PACKAGE_STRING "libffi 3.2.1"
| #define PACKAGE_BUGREPORT "http://github.com/atgreen/libffi/issues"
| #define PACKAGE_URL ""
| #define PACKAGE "libffi"
| #define VERSION "3.2.1"
| #define STDC_HEADERS 1
| #define HAVE_SYS_TYPES_H 1
| #define HAVE_SYS_STAT_H 1
| #define HAVE_STDLIB_H 1
| #define HAVE_STRING_H 1
| #define HAVE_MEMORY_H 1
| #define HAVE_STRINGS_H 1
| #define HAVE_INTTYPES_H 1
| #define HAVE_STDINT_H 1
| #define HAVE_UNISTD_H 1
| #define LT_OBJDIR ".libs/"
| #define SIZEOF_SIZE_T 8
| /* end confdefs.h.  */
| /* Define mkostemp to an innocuous variant, in case <limits.h> declares mkostemp.
|    For example, HP-UX 11i <limits.h> declares gettimeofday.  */
| #define mkostemp innocuous_mkostemp
| 
| /* System header to define __stub macros and hopefully few prototypes,
|     which can conflict with char mkostemp (); below.
|     Prefer <limits.h> to <assert.h> if __STDC__ is defined, since
|     <limits.h> exists even on freestanding compilers.  */
| 
| #ifdef __STDC__
| # include <limits.h>
| #else
| # include <assert.h>
| #endif
| 
| #undef mkostemp
| 
| /* Override any GCC internal prototype to avoid an error.
|    Use char because int might match the return type of a GCC
|    builtin and then its argument prototype would still apply.  */
| #ifdef __cplusplus
| extern "C"
| #endif
| char mkostemp ();
| /* The GNU C library defines this for functions which it implements
|     to always fail with ENOSYS.  Some functions are actually named
|     something starting with __ and the normal name is an alias.  */
| #if defined __stub_mkostemp || defined __stub___mkostemp
| choke me
| #endif
| 
| int
| main ()
| {
| return mkostemp ();
|   ;
|   return 0;
| }
configure:16914: result: no
configure:16924: checking for sys/mman.h
configure:16924: result: no
configure:16932: checking for mmap
configure:16932: result: no
configure:17622: checking for ANSI C header files
configure:17726: result: yes
configure:17736: checking for memcpy
configure:17736: gcc -o conftest.exe -O3 -fomit-frame-pointer -fstrict-aliasing -ffast-math -march=corei7-avx  -Wall -fexceptions   conftest.c  >&5
conftest.c:47:6: warning: conflicting types for built-in function 'memcpy'; expected 'void *(void *, const void *, long long unsigned int)' [-Wbuiltin-declaration-mismatch]
   47 | char memcpy ();
      |      ^~~~~~
conftest.c:35:1: note: 'memcpy' is declared in header '<string.h>'
   34 | # include <limits.h>
   35 | #else
configure:17736: $? = 0
configure:17736: result: yes
configure:17745: checking for size_t
configure:17745: gcc -c -O3 -fomit-frame-pointer -fstrict-aliasing -ffast-math -march=corei7-avx  -Wall -fexceptions  conftest.c >&5
configure:17745: $? = 0
configure:17745: gcc -c -O3 -fomit-frame-pointer -fstrict-aliasing -ffast-math -march=corei7-avx  -Wall -fexceptions  conftest.c >&5
conftest.c: In function 'main':
conftest.c:61:21: error: expected expression before ')' token
   61 | if (sizeof ((size_t)))
      |                     ^
configure:17745: $? = 1
configure: failed program was:
| /* confdefs.h */
| #define PACKAGE_NAME "libffi"
| #define PACKAGE_TARNAME "libffi"
| #define PACKAGE_VERSION "3.2.1"
| #define PACKAGE_STRING "libffi 3.2.1"
| #define PACKAGE_BUGREPORT "http://github.com/atgreen/libffi/issues"
| #define PACKAGE_URL ""
| #define PACKAGE "libffi"
| #define VERSION "3.2.1"
| #define STDC_HEADERS 1
| #define HAVE_SYS_TYPES_H 1
| #define HAVE_SYS_STAT_H 1
| #define HAVE_STDLIB_H 1
| #define HAVE_STRING_H 1
| #define HAVE_MEMORY_H 1
| #define HAVE_STRINGS_H 1
| #define HAVE_INTTYPES_H 1
| #define HAVE_STDINT_H 1
| #define HAVE_UNISTD_H 1
| #define LT_OBJDIR ".libs/"
| #define SIZEOF_SIZE_T 8
| #define STDC_HEADERS 1
| #define HAVE_MEMCPY 1
| /* end confdefs.h.  */
| #include <stdio.h>
| #ifdef HAVE_SYS_TYPES_H
| # include <sys/types.h>
| #endif
| #ifdef HAVE_SYS_STAT_H
| # include <sys/stat.h>
| #endif
| #ifdef STDC_HEADERS
| # include <stdlib.h>
| # include <stddef.h>
| #else
| # ifdef HAVE_STDLIB_H
| #  include <stdlib.h>
| # endif
| #endif
| #ifdef HAVE_STRING_H
| # if !defined STDC_HEADERS && defined HAVE_MEMORY_H
| #  include <memory.h>
| # endif
| # include <string.h>
| #endif
| #ifdef HAVE_STRINGS_H
| # include <strings.h>
| #endif
| #ifdef HAVE_INTTYPES_H
| # include <inttypes.h>
| #endif
| #ifdef HAVE_STDINT_H
| # include <stdint.h>
| #endif
| #ifdef HAVE_UNISTD_H
| # include <unistd.h>
| #endif
| int
| main ()
| {
| if (sizeof ((size_t)))
| 	    return 0;
|   ;
|   return 0;
| }
configure:17745: result: yes
configure:17758: checking for working alloca.h
configure:17775: gcc -o conftest.exe -O3 -fomit-frame-pointer -fstrict-aliasing -ffast-math -march=corei7-avx  -Wall -fexceptions   conftest.c  >&5
conftest.c:25:10: fatal error: alloca.h: No such file or directory
   25 | #include <alloca.h>
      |          ^~~~~~~~~~
compilation terminated.
configure:17775: $? = 1
configure: failed program was:
| /* confdefs.h */
| #define PACKAGE_NAME "libffi"
| #define PACKAGE_TARNAME "libffi"
| #define PACKAGE_VERSION "3.2.1"
| #define PACKAGE_STRING "libffi 3.2.1"
| #define PACKAGE_BUGREPORT "http://github.com/atgreen/libffi/issues"
| #define PACKAGE_URL ""
| #define PACKAGE "libffi"
| #define VERSION "3.2.1"
| #define STDC_HEADERS 1
| #define HAVE_SYS_TYPES_H 1
| #define HAVE_SYS_STAT_H 1
| #define HAVE_STDLIB_H 1
| #define HAVE_STRING_H 1
| #define HAVE_MEMORY_H 1
| #define HAVE_STRINGS_H 1
| #define HAVE_INTTYPES_H 1
| #define HAVE_STDINT_H 1
| #define HAVE_UNISTD_H 1
| #define LT_OBJDIR ".libs/"
| #define SIZEOF_SIZE_T 8
| #define STDC_HEADERS 1
| #define HAVE_MEMCPY 1
| /* end confdefs.h.  */
| #include <alloca.h>
| int
| main ()
| {
| char *p = (char *) alloca (2 * sizeof (int));
| 			  if (p) return 0;
|   ;
|   return 0;
| }
configure:17783: result: no
configure:17791: checking for alloca
configure:17828: gcc -o conftest.exe -O3 -fomit-frame-pointer -fstrict-aliasing -ffast-math -march=corei7-avx  -Wall -fexceptions   conftest.c  >&5
configure:17828: $? = 0
configure:17836: result: yes
configure:17947: checking size of double
configure:17952: gcc -o conftest.exe -O3 -fomit-frame-pointer -fstrict-aliasing -ffast-math -march=corei7-avx  -Wall -fexceptions   conftest.c  >&5
configure:17952: $? = 0
configure:17952: ./conftest.exe
configure:17952: $? = 0
configure:17966: result: 8
configure:17980: checking size of long double
configure:17985: gcc -o conftest.exe -O3 -fomit-frame-pointer -fstrict-aliasing -ffast-math -march=corei7-avx  -Wall -fexceptions   conftest.c  >&5
configure:17985: $? = 0
configure:17985: ./conftest.exe
configure:17985: $? = 0
configure:17999: result: 16
configure:18032: checking whether byte ordering is bigendian
configure:18047: gcc -c -O3 -fomit-frame-pointer -fstrict-aliasing -ffast-math -march=corei7-avx  -Wall -fexceptions  conftest.c >&5
conftest.c:30:9: error: unknown type name 'not'
   30 |         not a universal capable compiler
      |         ^~~
conftest.c:30:15: error: expected '=', ',', ';', 'asm' or '__attribute__' before 'universal'
   30 |         not a universal capable compiler
      |               ^~~~~~~~~
conftest.c:30:15: error: unknown type name 'universal'
configure:18047: $? = 1
configure: failed program was:
| /* confdefs.h */
| #define PACKAGE_NAME "libffi"
| #define PACKAGE_TARNAME "libffi"
| #define PACKAGE_VERSION "3.2.1"
| #define PACKAGE_STRING "libffi 3.2.1"
| #define PACKAGE_BUGREPORT "http://github.com/atgreen/libffi/issues"
| #define PACKAGE_URL ""
| #define PACKAGE "libffi"
| #define VERSION "3.2.1"
| #define STDC_HEADERS 1
| #define HAVE_SYS_TYPES_H 1
| #define HAVE_SYS_STAT_H 1
| #define HAVE_STDLIB_H 1
| #define HAVE_STRING_H 1
| #define HAVE_MEMORY_H 1
| #define HAVE_STRINGS_H 1
| #define HAVE_INTTYPES_H 1
| #define HAVE_STDINT_H 1
| #define HAVE_UNISTD_H 1
| #define LT_OBJDIR ".libs/"
| #define SIZEOF_SIZE_T 8
| #define STDC_HEADERS 1
| #define HAVE_MEMCPY 1
| #define HAVE_ALLOCA 1
| #define SIZEOF_DOUBLE 8
| #define SIZEOF_LONG_DOUBLE 16
| #define HAVE_LONG_DOUBLE 1
| /* end confdefs.h.  */
| #ifndef __APPLE_CC__
| 	       not a universal capable compiler
| 	     #endif
| 	     typedef int dummy;
| 
configure:18092: gcc -c -O3 -fomit-frame-pointer -fstrict-aliasing -ffast-math -march=corei7-avx  -Wall -fexceptions  conftest.c >&5
configure:18092: $? = 0
configure:18110: gcc -c -O3 -fomit-frame-pointer -fstrict-aliasing -ffast-math -march=corei7-avx  -Wall -fexceptions  conftest.c >&5
conftest.c: In function 'main':
conftest.c:36:4: error: unknown type name 'not'; did you mean 'ino_t'?
   36 |    not big endian
      |    ^~~
      |    ino_t
conftest.c:36:12: error: expected '=', ',', ';', 'asm' or '__attribute__' before 'endian'
   36 |    not big endian
      |            ^~~~~~
configure:18110: $? = 1
configure: failed program was:
| /* confdefs.h */
| #define PACKAGE_NAME "libffi"
| #define PACKAGE_TARNAME "libffi"
| #define PACKAGE_VERSION "3.2.1"
| #define PACKAGE_STRING "libffi 3.2.1"
| #define PACKAGE_BUGREPORT "http://github.com/atgreen/libffi/issues"
| #define PACKAGE_URL ""
| #define PACKAGE "libffi"
| #define VERSION "3.2.1"
| #define STDC_HEADERS 1
| #define HAVE_SYS_TYPES_H 1
| #define HAVE_SYS_STAT_H 1
| #define HAVE_STDLIB_H 1
| #define HAVE_STRING_H 1
| #define HAVE_MEMORY_H 1
| #define HAVE_STRINGS_H 1
| #define HAVE_INTTYPES_H 1
| #define HAVE_STDINT_H 1
| #define HAVE_UNISTD_H 1
| #define LT_OBJDIR ".libs/"
| #define SIZEOF_SIZE_T 8
| #define STDC_HEADERS 1
| #define HAVE_MEMCPY 1
| #define HAVE_ALLOCA 1
| #define SIZEOF_DOUBLE 8
| #define SIZEOF_LONG_DOUBLE 16
| #define HAVE_LONG_DOUBLE 1
| /* end confdefs.h.  */
| #include <sys/types.h>
| 		#include <sys/param.h>
| 
| int
| main ()
| {
| #if BYTE_ORDER != BIG_ENDIAN
| 		 not big endian
| 		#endif
| 
|   ;
|   return 0;
| }
configure:18238: result: no
configure:18257: checking assembler .cfi pseudo-op support
configure:18275: gcc -c -O3 -fomit-frame-pointer -fstrict-aliasing -ffast-math -march=corei7-avx  -Wall -fexceptions  conftest.c >&5
configure:18275: $? = 0
configure:18283: result: yes
configure:18472: checking for _ prefix in compiled symbols
configure:18482: gcc -c -O3 -fomit-frame-pointer -fstrict-aliasing -ffast-math -march=corei7-avx  -Wall -fexceptions  conftest.c >&5
conftest.c: In function 'main':
conftest.c:2:12: warning: statement with no effect [-Wunused-value]
    2 | int main(){nm_test_func;return 0;}
      |            ^~~~~~~~~~~~
configure:18485: $? = 0
configure:18489: /mingw64/bin/nm -B conftest.o \| sed -n -e 's/^.*[	 ]\([ABCDGIRSTW][ABCDGIRSTW]*\)[	 ][	 ]*\([_A-Za-z][_A-Za-z0-9]*\)\{0,1\}$/\1 \2 \2/p' | sed '/ __gnu_lto/d' \> conftest.nm
configure:18492: $? = 0
configure:18514: result: no
configure:18589: checking whether .eh_frame section should be read-only
configure:18609: result: no
configure:18624: checking for __attribute__((visibility("hidden")))
configure:18633: gcc -Werror -S conftest.c -o conftest.s 1>&5
conftest.c: In function 'foo':
conftest.c:1:1: error: visibility attribute not supported in this configuration; ignored [-Werror=attributes]
    1 | int __attribute__ ((visibility ("hidden"))) foo (void) { return 1  ; }
      | ^~~
cc1.exe: all warnings being treated as errors
configure:18636: $? = 1
configure:18645: result: no
configure:18859: checking that generated files are newer than configure
configure:18865: result: done
configure:19077: creating ./config.status

## ---------------------- ##
## Running config.status. ##
## ---------------------- ##

This file was extended by libffi config.status 3.2.1, which was
generated by GNU Autoconf 2.69.  Invocation command line was

  CONFIG_FILES    = 
  CONFIG_HEADERS  = 
  CONFIG_LINKS    = 
  CONFIG_COMMANDS = 
  $ ./config.status 

on GUNDELSHEIM

config.status:1304: creating include/Makefile
config.status:1304: creating include/ffi.h
config.status:1304: creating Makefile
config.status:1304: creating testsuite/Makefile
config.status:1304: creating man/Makefile
config.status:1304: creating libffi.pc
config.status:1304: creating fficonfig.h
config.status:1530: linking ../src/x86/ffitarget.h to include/ffitarget.h
config.status:1549: executing buildir commands
config.status:1685: keeping top_srcdir/Makefile from earlier configure
config.status:1694: build in x86_64-w64-mingw32 (HOST=)
config.status:1549: executing depfiles commands
config.status:1549: executing libtool commands
config.status:1549: executing include commands
config.status:1549: executing src commands

## ---------------- ##
## Cache variables. ##
## ---------------- ##

ac_cv_build=x86_64-w64-mingw32
ac_cv_c_bigendian=no
ac_cv_c_compiler_gnu=yes
ac_cv_cflags_warn_all=-Wall
ac_cv_cxx_compiler_gnu=yes
ac_cv_env_CCASFLAGS_set=
ac_cv_env_CCASFLAGS_value=
ac_cv_env_CCAS_set=
ac_cv_env_CCAS_value=
ac_cv_env_CPPFLAGS_set=
ac_cv_env_CPPFLAGS_value=
ac_cv_env_CPP_set=
ac_cv_env_CPP_value=
ac_cv_env_CXXCPP_set=
ac_cv_env_CXXCPP_value=
ac_cv_env_build_alias_set=
ac_cv_env_build_alias_value=
ac_cv_env_host_alias_set=
ac_cv_env_host_alias_value=
ac_cv_env_target_alias_set=
ac_cv_env_target_alias_value=
ac_cv_exeext=.exe
ac_cv_func_alloca_works=yes
ac_cv_func_memcpy=yes
ac_cv_func_mkostemp=no
ac_cv_func_mmap=no
ac_cv_func_mmap_anon=no
ac_cv_func_mmap_dev_zero=no
ac_cv_func_mmap_file=no
ac_cv_header_dlfcn_h=no
ac_cv_header_inttypes_h=yes
ac_cv_header_memory_h=yes
ac_cv_header_stdc=yes
ac_cv_header_stdint_h=yes
ac_cv_header_stdlib_h=yes
ac_cv_header_string_h=yes
ac_cv_header_strings_h=yes
ac_cv_header_sys_mman_h=no
ac_cv_header_sys_stat_h=yes
ac_cv_header_sys_types_h=yes
ac_cv_header_unistd_h=yes
ac_cv_host=x86_64-w64-mingw32
ac_cv_objext=o
ac_cv_path_EGREP='/usr/bin/grep -E'
ac_cv_path_FGREP='/usr/bin/grep -F'
ac_cv_path_GREP=/usr/bin/grep
ac_cv_path_SED=/usr/bin/sed
ac_cv_path_ax_enable_builddir_sed=sed
ac_cv_path_install='/usr/bin/install -c'
ac_cv_path_mkdir=/usr/bin/mkdir
ac_cv_prog_AWK=gawk
ac_cv_prog_CPP='gcc -E'
ac_cv_prog_CXXCPP='g++ -E'
ac_cv_prog_ac_ct_AR=ar
ac_cv_prog_ac_ct_CC=gcc
ac_cv_prog_ac_ct_CXX=g++
ac_cv_prog_ac_ct_DLLTOOL=dlltool
ac_cv_prog_ac_ct_OBJDUMP=objdump
ac_cv_prog_ac_ct_RANLIB=ranlib
ac_cv_prog_ac_ct_STRIP=strip
ac_cv_prog_cc_c89=
ac_cv_prog_cc_g=yes
ac_cv_prog_cc_gcc_c_o=yes
ac_cv_prog_cxx_g=yes
ac_cv_prog_make_make_set=yes
ac_cv_sizeof_double=8
ac_cv_sizeof_long_double=16
ac_cv_sizeof_size_t=8
ac_cv_target=x86_64-w64-mingw32
ac_cv_type_size_t=yes
ac_cv_working_alloca_h=no
am_cv_CCAS_dependencies_compiler_type=gcc3
am_cv_CC_dependencies_compiler_type=gcc3
am_cv_CXX_dependencies_compiler_type=gcc3
am_cv_make_support_nested_variables=yes
ax_cv_c_compiler_vendor=gnu
ax_cv_check_cflags___O3__fomit_frame_pointer__fstrict_aliasing__ffast_math__march_corei7_avx=yes
ax_cv_check_cflags___ffast_math=yes
ax_cv_check_cflags___fstrict_aliasing=yes
ax_cv_check_cflags___march_corei7_avx=yes
ax_cv_gcc_archflag=-march=corei7-avx
ax_cv_gcc_x86_cpuid_0=d:756e6547:6c65746e:49656e69
ax_cv_gcc_x86_cpuid_1=206a7:100800:1fbae3ff:bfebfbff
gcc_cv_as_cfi_pseudo_op=yes
libffi_cv_hidden_visibility_attribute=no
libffi_cv_ro_eh_frame=no
lt_cv_ar_at_file=@
lt_cv_archive_cmds_need_lc=yes
lt_cv_deplibs_check_method='file_magic ^x86 archive import|^x86 DLL'
lt_cv_file_magic_cmd=func_win32_libid
lt_cv_file_magic_test_file=
lt_cv_ld_reload_flag=-r
lt_cv_nm_interface='BSD nm'
lt_cv_objdir=.libs
lt_cv_path_LD=C:/msys64/mingw64/x86_64-w64-mingw32/bin/ld.exe
lt_cv_path_LDCXX=C:/msys64/mingw64/x86_64-w64-mingw32/bin/ld.exe
lt_cv_path_NM='/mingw64/bin/nm -B'
lt_cv_path_mainfest_tool=no
lt_cv_prog_compiler_c_o=yes
lt_cv_prog_compiler_c_o_CXX=yes
lt_cv_prog_compiler_pic='-DDLL_EXPORT -DPIC'
lt_cv_prog_compiler_pic_CXX='-DDLL_EXPORT -DPIC'
lt_cv_prog_compiler_pic_works=yes
lt_cv_prog_compiler_pic_works_CXX=yes
lt_cv_prog_compiler_rtti_exceptions=no
lt_cv_prog_compiler_static_works=yes
lt_cv_prog_compiler_static_works_CXX=yes
lt_cv_prog_gnu_ld=yes
lt_cv_prog_gnu_ldcxx=yes
lt_cv_sharedlib_from_linklib_cmd=func_cygming_dll_for_implib
lt_cv_sys_global_symbol_pipe='sed -n -e '\''s/^.*[	 ]\([ABCDGIRSTW][ABCDGIRSTW]*\)[	 ][	 ]*\([_A-Za-z][_A-Za-z0-9]*\)\{0,1\}$/\1 \2 \2/p'\'' | sed '\''/ __gnu_lto/d'\'''
lt_cv_sys_global_symbol_to_c_name_address='sed -n -e '\''s/^: \([^ ]*\)[ ]*$/  {\"\1\", (void *) 0},/p'\'' -e '\''s/^[ABCDGIRSTW]* \([^ ]*\) \([^ ]*\)$/  {"\2", (void *) \&\2},/p'\'''
lt_cv_sys_global_symbol_to_c_name_address_lib_prefix='sed -n -e '\''s/^: \([^ ]*\)[ ]*$/  {\"\1\", (void *) 0},/p'\'' -e '\''s/^[ABCDGIRSTW]* \([^ ]*\) \(lib[^ ]*\)$/  {"\2", (void *) \&\2},/p'\'' -e '\''s/^[ABCDGIRSTW]* \([^ ]*\) \([^ ]*\)$/  {"lib\2", (void *) \&\2},/p'\'''
lt_cv_sys_global_symbol_to_cdecl='sed -n -e '\''s/^T .* \(.*\)$/extern int \1();/p'\'' -e '\''s/^[ABCDGIRSTW]* .* \(.*\)$/extern char \1;/p'\'''
lt_cv_sys_max_cmd_len=8192
lt_cv_sys_symbol_underscore=no
lt_cv_to_host_file_cmd=func_convert_file_msys_to_w32
lt_cv_to_tool_file_cmd=func_convert_file_msys_to_w32

## ----------------- ##
## Output variables. ##
## ----------------- ##

AARCH64_FALSE=''
AARCH64_TRUE='#'
ACLOCAL='${SHELL} /d/robert/projects/rjhg-pl/libffi-3.2.1/missing aclocal-1.13'
ALLOCA=''
ALPHA_FALSE=''
ALPHA_TRUE='#'
AMDEPBACKSLASH='\'
AMDEP_FALSE='#'
AMDEP_TRUE=''
AMTAR='$${TAR-tar}'
AM_BACKSLASH='\'
AM_DEFAULT_V='$(AM_DEFAULT_VERBOSITY)'
AM_DEFAULT_VERBOSITY='1'
AM_LTLDFLAGS='-no-undefined -bindir "$(bindir)"'
AM_RUNTESTFLAGS=''
AM_V='$(V)'
AR='ar'
ARC_FALSE=''
ARC_TRUE='#'
ARM_FALSE=''
ARM_TRUE='#'
AUTOCONF='${SHELL} /d/robert/projects/rjhg-pl/libffi-3.2.1/missing autoconf'
AUTOHEADER='${SHELL} /d/robert/projects/rjhg-pl/libffi-3.2.1/missing autoheader'
AUTOMAKE='${SHELL} /d/robert/projects/rjhg-pl/libffi-3.2.1/missing automake-1.13'
AVR32_FALSE=''
AVR32_TRUE='#'
AWK='gawk'
BFIN_FALSE=''
BFIN_TRUE='#'
CC='gcc'
CCAS='gcc'
CCASDEPMODE='depmode=gcc3'
CCASFLAGS=''
CCDEPMODE='depmode=gcc3'
CFLAGS='-O3 -fomit-frame-pointer -fstrict-aliasing -ffast-math -march=corei7-avx  -Wall -fexceptions'
CPP='gcc -E'
CPPFLAGS=''
CXX='g++'
CXXCPP='g++ -E'
CXXDEPMODE='depmode=gcc3'
CXXFLAGS='-g -O2'
CYGPATH_W='cygpath -w'
DEFS='-DHAVE_CONFIG_H'
DEPDIR='.deps'
DLLTOOL='dlltool'
DSYMUTIL=''
DUMPBIN=''
ECHO_C=''
ECHO_N='-n'
ECHO_T=''
EGREP='/usr/bin/grep -E'
EXEEXT='.exe'
FFI_DEBUG_FALSE=''
FFI_DEBUG_TRUE='#'
FFI_EXEC_TRAMPOLINE_TABLE='0'
FFI_EXEC_TRAMPOLINE_TABLE_FALSE=''
FFI_EXEC_TRAMPOLINE_TABLE_TRUE='#'
FGREP='/usr/bin/grep -F'
FRV_FALSE=''
FRV_TRUE='#'
GREP='/usr/bin/grep'
HAVE_LONG_DOUBLE='1'
HAVE_LONG_DOUBLE_VARIANT='0'
IA64_FALSE=''
IA64_TRUE='#'
INSTALL_DATA='${INSTALL} -m 644'
INSTALL_PROGRAM='${INSTALL}'
INSTALL_SCRIPT='${INSTALL}'
INSTALL_STRIP_PROGRAM='$(install_sh) -c -s'
LD='C:/msys64/mingw64/x86_64-w64-mingw32/bin/ld.exe'
LDFLAGS=''
LIBFFI_CRIS_FALSE=''
LIBFFI_CRIS_TRUE='#'
LIBOBJS=''
LIBS=''
LIBTOOL='$(SHELL) $(top_builddir)/libtool'
LIPO=''
LN_S='cp -pR'
LTLIBOBJS=''
M32R_FALSE=''
M32R_TRUE='#'
M68K_FALSE=''
M68K_TRUE='#'
M88K_FALSE=''
M88K_TRUE='#'
MAINT='#'
MAINTAINER_MODE_FALSE=''
MAINTAINER_MODE_TRUE='#'
MAKEINFO='${SHELL} /d/robert/projects/rjhg-pl/libffi-3.2.1/missing makeinfo'
MANIFEST_TOOL=':'
METAG_FALSE=''
METAG_TRUE='#'
MICROBLAZE_FALSE=''
MICROBLAZE_TRUE='#'
MIPS_FALSE=''
MIPS_TRUE='#'
MKDIR_P='/usr/bin/mkdir -p'
MOXIE_FALSE=''
MOXIE_TRUE='#'
NIOS2_FALSE=''
NIOS2_TRUE='#'
NM='/mingw64/bin/nm -B'
NMEDIT=''
OBJDUMP='objdump'
OBJEXT='o'
OR1K_FALSE=''
OR1K_TRUE='#'
OTOOL64=''
OTOOL=''
PA64_HPUX_FALSE=''
PA64_HPUX_TRUE='#'
PACKAGE='libffi'
PACKAGE_BUGREPORT='http://github.com/atgreen/libffi/issues'
PACKAGE_NAME='libffi'
PACKAGE_STRING='libffi 3.2.1'
PACKAGE_TARNAME='libffi'
PACKAGE_URL=''
PACKAGE_VERSION='3.2.1'
PATH_SEPARATOR=':'
PA_HPUX_FALSE=''
PA_HPUX_TRUE='#'
PA_LINUX_FALSE=''
PA_LINUX_TRUE='#'
POWERPC_AIX_FALSE=''
POWERPC_AIX_TRUE='#'
POWERPC_DARWIN_FALSE=''
POWERPC_DARWIN_TRUE='#'
POWERPC_FALSE=''
POWERPC_FREEBSD_FALSE=''
POWERPC_FREEBSD_TRUE='#'
POWERPC_TRUE='#'
PRTDIAG=''
RANLIB='ranlib'
S390_FALSE=''
S390_TRUE='#'
SED='/usr/bin/sed'
SET_MAKE=''
SH64_FALSE=''
SH64_TRUE='#'
SHELL='/bin/sh'
SH_FALSE=''
SH_TRUE='#'
SPARC_FALSE=''
SPARC_TRUE='#'
STRIP='strip'
TARGET='X86_WIN64'
TARGETDIR='x86'
TESTSUBDIR_FALSE='#'
TESTSUBDIR_TRUE=''
TILE_FALSE=''
TILE_TRUE='#'
VAX_FALSE=''
VAX_TRUE='#'
VERSION='3.2.1'
X86_64_FALSE=''
X86_64_TRUE='#'
X86_DARWIN32_FALSE=''
X86_DARWIN32_TRUE='#'
X86_DARWIN64_FALSE=''
X86_DARWIN64_TRUE='#'
X86_DARWIN_FALSE=''
X86_DARWIN_TRUE='#'
X86_FALSE=''
X86_FREEBSD_FALSE=''
X86_FREEBSD_TRUE='#'
X86_TRUE='#'
X86_WIN32_FALSE=''
X86_WIN32_TRUE='#'
X86_WIN64_FALSE='#'
X86_WIN64_TRUE=''
XTENSA_FALSE=''
XTENSA_TRUE='#'
ac_ct_AR='ar'
ac_ct_CC='gcc'
ac_ct_CXX='g++'
ac_ct_DUMPBIN=''
am__EXEEXT_FALSE='#'
am__EXEEXT_TRUE=''
am__fastdepCCAS_FALSE='#'
am__fastdepCCAS_TRUE=''
am__fastdepCC_FALSE='#'
am__fastdepCC_TRUE=''
am__fastdepCXX_FALSE='#'
am__fastdepCXX_TRUE=''
am__include='include'
am__isrc=' -I$(srcdir)'
am__leading_dot='.'
am__nodep='_no'
am__quote=''
am__tar='$${TAR-tar} chof - "$$tardir"'
am__untar='$${TAR-tar} xf -'
ax_enable_builddir_sed='sed'
bindir='${exec_prefix}/bin'
build='x86_64-w64-mingw32'
build_alias='x86_64-w64-mingw32'
build_cpu='x86_64'
build_os='mingw32'
build_vendor='w64'
datadir='${datarootdir}'
datarootdir='${prefix}/share'
docdir='${datarootdir}/doc/${PACKAGE_TARNAME}'
dvidir='${docdir}'
exec_prefix='${prefix}'
host='x86_64-w64-mingw32'
host_alias=''
host_cpu='x86_64'
host_os='mingw32'
host_vendor='w64'
htmldir='${docdir}'
includedir='${prefix}/include'
infodir='${datarootdir}/info'
install_sh='${SHELL} /d/robert/projects/rjhg-pl/libffi-3.2.1/install-sh'
libdir='${exec_prefix}/lib'
libexecdir='${exec_prefix}/libexec'
localedir='${datarootdir}/locale'
localstatedir='${prefix}/var'
mandir='${datarootdir}/man'
mkdir_p='$(MKDIR_P)'
oldincludedir='/usr/include'
pdfdir='${docdir}'
prefix='/mingw64'
program_transform_name='s,x,x,'
psdir='${docdir}'
sbindir='${exec_prefix}/sbin'
sharedstatedir='${prefix}/com'
sys_symbol_underscore='no'
sysconfdir='${prefix}/etc'
target='x86_64-w64-mingw32'
target_alias=''
target_cpu='x86_64'
target_os='mingw32'
target_vendor='w64'
toolexecdir='${exec_prefix}/lib/gcc-lib/$(target_alias)'
toolexeclibdir='${exec_prefix}/lib/../lib'

## ----------- ##
## confdefs.h. ##
## ----------- ##

/* confdefs.h */
#define PACKAGE_NAME "libffi"
#define PACKAGE_TARNAME "libffi"
#define PACKAGE_VERSION "3.2.1"
#define PACKAGE_STRING "libffi 3.2.1"
#define PACKAGE_BUGREPORT "http://github.com/atgreen/libffi/issues"
#define PACKAGE_URL ""
#define PACKAGE "libffi"
#define VERSION "3.2.1"
#define STDC_HEADERS 1
#define HAVE_SYS_TYPES_H 1
#define HAVE_SYS_STAT_H 1
#define HAVE_STDLIB_H 1
#define HAVE_STRING_H 1
#define HAVE_MEMORY_H 1
#define HAVE_STRINGS_H 1
#define HAVE_INTTYPES_H 1
#define HAVE_STDINT_H 1
#define HAVE_UNISTD_H 1
#define LT_OBJDIR ".libs/"
#define SIZEOF_SIZE_T 8
#define STDC_HEADERS 1
#define HAVE_MEMCPY 1
#define HAVE_ALLOCA 1
#define SIZEOF_DOUBLE 8
#define SIZEOF_LONG_DOUBLE 16
#define HAVE_LONG_DOUBLE 1
#define HAVE_AS_CFI_PSEUDO_OP 1
#define EH_FRAME_FLAGS "aw"

configure: exit 0

## ---------------- ##
## Cache variables. ##
## ---------------- ##

ac_cv_build=x86_64-w64-mingw32
ac_cv_env_CCASFLAGS_set=
ac_cv_env_CCASFLAGS_value=
ac_cv_env_CCAS_set=
ac_cv_env_CCAS_value=
ac_cv_env_CPPFLAGS_set=
ac_cv_env_CPPFLAGS_value=
ac_cv_env_CPP_set=
ac_cv_env_CPP_value=
ac_cv_env_CXXCPP_set=
ac_cv_env_CXXCPP_value=
ac_cv_env_build_alias_set=
ac_cv_env_build_alias_value=
ac_cv_env_host_alias_set=
ac_cv_env_host_alias_value=
ac_cv_env_target_alias_set=
ac_cv_env_target_alias_value=
ac_cv_host=x86_64-w64-mingw32
ac_cv_target=x86_64-w64-mingw32

## ----------------- ##
## Output variables. ##
## ----------------- ##

AARCH64_FALSE=''
AARCH64_TRUE=''
ACLOCAL=''
ALLOCA=''
ALPHA_FALSE=''
ALPHA_TRUE=''
AMDEPBACKSLASH=''
AMDEP_FALSE=''
AMDEP_TRUE=''
AMTAR=''
AM_BACKSLASH=''
AM_DEFAULT_V=''
AM_DEFAULT_VERBOSITY=''
AM_LTLDFLAGS=''
AM_RUNTESTFLAGS=''
AM_V=''
AR=''
ARC_FALSE=''
ARC_TRUE=''
ARM_FALSE=''
ARM_TRUE=''
AUTOCONF=''
AUTOHEADER=''
AUTOMAKE=''
AVR32_FALSE=''
AVR32_TRUE=''
AWK=''
BFIN_FALSE=''
BFIN_TRUE=''
CC=''
CCAS=''
CCASDEPMODE=''
CCASFLAGS=''
CCDEPMODE=''
CFLAGS=''
CPP=''
CPPFLAGS=''
CXX=''
CXXCPP=''
CXXDEPMODE=''
CXXFLAGS=''
CYGPATH_W=''
DEFS=''
DEPDIR=''
DLLTOOL=''
DSYMUTIL=''
DUMPBIN=''
ECHO_C=''
ECHO_N='-n'
ECHO_T=''
EGREP=''
EXEEXT=''
FFI_DEBUG_FALSE=''
FFI_DEBUG_TRUE=''
FFI_EXEC_TRAMPOLINE_TABLE=''
FFI_EXEC_TRAMPOLINE_TABLE_FALSE=''
FFI_EXEC_TRAMPOLINE_TABLE_TRUE=''
FGREP=''
FRV_FALSE=''
FRV_TRUE=''
GREP=''
HAVE_LONG_DOUBLE=''
HAVE_LONG_DOUBLE_VARIANT=''
IA64_FALSE=''
IA64_TRUE=''
INSTALL_DATA=''
INSTALL_PROGRAM=''
INSTALL_SCRIPT=''
INSTALL_STRIP_PROGRAM=''
LD=''
LDFLAGS=''
LIBFFI_CRIS_FALSE=''
LIBFFI_CRIS_TRUE=''
LIBOBJS=''
LIBS=''
LIBTOOL=''
LIPO=''
LN_S=''
LTLIBOBJS=''
M32R_FALSE=''
M32R_TRUE=''
M68K_FALSE=''
M68K_TRUE=''
M88K_FALSE=''
M88K_TRUE=''
MAINT=''
MAINTAINER_MODE_FALSE=''
MAINTAINER_MODE_TRUE=''
MAKEINFO=''
MANIFEST_TOOL=''
METAG_FALSE=''
METAG_TRUE=''
MICROBLAZE_FALSE=''
MICROBLAZE_TRUE=''
MIPS_FALSE=''
MIPS_TRUE=''
MKDIR_P=''
MOXIE_FALSE=''
MOXIE_TRUE=''
NIOS2_FALSE=''
NIOS2_TRUE=''
NM=''
NMEDIT=''
OBJDUMP=''
OBJEXT=''
OR1K_FALSE=''
OR1K_TRUE=''
OTOOL64=''
OTOOL=''
PA64_HPUX_FALSE=''
PA64_HPUX_TRUE=''
PACKAGE=''
PACKAGE_BUGREPORT='http://github.com/atgreen/libffi/issues'
PACKAGE_NAME='libffi'
PACKAGE_STRING='libffi 3.2.1'
PACKAGE_TARNAME='libffi'
PACKAGE_URL=''
PACKAGE_VERSION='3.2.1'
PATH_SEPARATOR=':'
PA_HPUX_FALSE=''
PA_HPUX_TRUE=''
PA_LINUX_FALSE=''
PA_LINUX_TRUE=''
POWERPC_AIX_FALSE=''
POWERPC_AIX_TRUE=''
POWERPC_DARWIN_FALSE=''
POWERPC_DARWIN_TRUE=''
POWERPC_FALSE=''
POWERPC_FREEBSD_FALSE=''
POWERPC_FREEBSD_TRUE=''
POWERPC_TRUE=''
PRTDIAG=''
RANLIB=''
S390_FALSE=''
S390_TRUE=''
SED=''
SET_MAKE=''
SH64_FALSE=''
SH64_TRUE=''
SHELL='/bin/sh'
SH_FALSE=''
SH_TRUE=''
SPARC_FALSE=''
SPARC_TRUE=''
STRIP=''
TARGET='x86_64-w64-mingw32'
TARGETDIR=''
TESTSUBDIR_FALSE=''
TESTSUBDIR_TRUE=''
TILE_FALSE=''
TILE_TRUE=''
VAX_FALSE=''
VAX_TRUE=''
VERSION=''
X86_64_FALSE=''
X86_64_TRUE=''
X86_DARWIN32_FALSE=''
X86_DARWIN32_TRUE=''
X86_DARWIN64_FALSE=''
X86_DARWIN64_TRUE=''
X86_DARWIN_FALSE=''
X86_DARWIN_TRUE=''
X86_FALSE=''
X86_FREEBSD_FALSE=''
X86_FREEBSD_TRUE=''
X86_TRUE=''
X86_WIN32_FALSE=''
X86_WIN32_TRUE=''
X86_WIN64_FALSE=''
X86_WIN64_TRUE=''
XTENSA_FALSE=''
XTENSA_TRUE=''
ac_ct_AR=''
ac_ct_CC=''
ac_ct_CXX=''
ac_ct_DUMPBIN=''
am__EXEEXT_FALSE=''
am__EXEEXT_TRUE=''
am__fastdepCCAS_FALSE=''
am__fastdepCCAS_TRUE=''
am__fastdepCC_FALSE=''
am__fastdepCC_TRUE=''
am__fastdepCXX_FALSE=''
am__fastdepCXX_TRUE=''
am__include=''
am__isrc=''
am__leading_dot=''
am__nodep=''
am__quote=''
am__tar=''
am__untar=''
ax_enable_builddir_sed=''
bindir='${exec_prefix}/bin'
build='x86_64-w64-mingw32'
build_alias='x86_64-w64-mingw32'
build_cpu='x86_64'
build_os='mingw32'
build_vendor='w64'
datadir='${datarootdir}'
datarootdir='${prefix}/share'
docdir='${datarootdir}/doc/${PACKAGE_TARNAME}'
dvidir='${docdir}'
exec_prefix='NONE'
host='x86_64-w64-mingw32'
host_alias=''
host_cpu='x86_64'
host_os='mingw32'
host_vendor='w64'
htmldir='${docdir}'
includedir='${prefix}/include'
infodir='${datarootdir}/info'
install_sh=''
libdir='${exec_prefix}/lib'
libexecdir='${exec_prefix}/libexec'
localedir='${datarootdir}/locale'
localstatedir='${prefix}/var'
mandir='${datarootdir}/man'
mkdir_p=''
oldincludedir='/usr/include'
pdfdir='${docdir}'
prefix='/mingw64'
program_transform_name='s,x,x,'
psdir='${docdir}'
sbindir='${exec_prefix}/sbin'
sharedstatedir='${prefix}/com'
sys_symbol_underscore=''
sysconfdir='${prefix}/etc'
target='x86_64-w64-mingw32'
target_alias=''
target_cpu='x86_64'
target_os='mingw32'
target_vendor='w64'
toolexecdir=''
toolexeclibdir=''

configure: exit 0
